<?xml version="1.0" encoding="UTF-8"?>
<!-- Generated by org.testng.reporters.JUnitXMLReporter -->
<testsuite ignored="1" hostname="DESKTOP-8S455D7" failures="0" tests="1" name="Test" time="37.443" errors="0" timestamp="2021-05-27T14:00:42 IST">
  <testcase classname="com.crm.comcast.organizationtest.CreateORganizationTest" name="createOrgwithType" time="23.199"/>
  <testcase classname="com.crm.comcast.organizationtest.CreateORganizationTest" name="createOrgTest" time="0.0">
    <ignored/>
  </testcase> <!-- createOrgTest -->
</testsuite> <!-- Test -->
