<?xml version="1.0" encoding="UTF-8"?>
<testng-results skipped="0" failed="0" ignored="0" total="1" passed="1">
  <reporter-output>
  </reporter-output>
  <suite name="Default suite" duration-ms="75" started-at="2021-06-02T12:28:32 IST" finished-at="2021-06-02T12:28:32 IST">
    <groups>
    </groups>
    <test name="Default test" duration-ms="75" started-at="2021-06-02T12:28:32 IST" finished-at="2021-06-02T12:28:32 IST">
      <class name="practice.ReadSystemVariable">
        <test-method status="PASS" signature="test()[pri:0, instance:practice.ReadSystemVariable@7f13d6e]" name="test" duration-ms="12" started-at="2021-06-02T12:28:32 IST" finished-at="2021-06-02T12:28:32 IST">
          <reporter-output>
          </reporter-output>
        </test-method> <!-- test -->
      </class> <!-- practice.ReadSystemVariable -->
    </test> <!-- Default test -->
  </suite> <!-- Default suite -->
</testng-results>
