<?xml version="1.0" encoding="UTF-8"?>
<testng-results ignored="0" total="4" passed="3" failed="1" skipped="0">
  <reporter-output>
  </reporter-output>
  <suite started-at="2021-05-27T14:21:05 IST" name="Suite" finished-at="2021-05-27T14:23:14 IST" duration-ms="129119">
    <groups>
      <group name="regressionTest">
        <method signature="CreateORganizationTest.createOrgwithType()[pri:0, instance:com.crm.comcast.organizationtest.CreateORganizationTest@53976f5c]" name="createOrgwithType" class="com.crm.comcast.organizationtest.CreateORganizationTest"/>
        <method signature="CreateORganizationWithIndustries.createOrhWithIndustried()[pri:0, instance:com.crm.comcast.organizationtest.CreateORganizationWithIndustries@d29f28]" name="createOrhWithIndustried" class="com.crm.comcast.organizationtest.CreateORganizationWithIndustries"/>
      </group> <!-- regressionTest -->
      <group name="smokeTest">
        <method signature="CreateORganizationTest.createOrgTest()[pri:0, instance:com.crm.comcast.organizationtest.CreateORganizationTest@53976f5c]" name="createOrgTest" class="com.crm.comcast.organizationtest.CreateORganizationTest"/>
        <method signature="CreatePurcahseOrderTest.createPurchaseOrderTest()[pri:0, instance:com.crm.comcast.purchaseordertest.CreatePurcahseOrderTest@37654521]" name="createPurchaseOrderTest" class="com.crm.comcast.purchaseordertest.CreatePurcahseOrderTest"/>
      </group> <!-- smokeTest -->
    </groups>
    <test started-at="2021-05-27T14:21:05 IST" name="tr-3" finished-at="2021-05-27T14:22:44 IST" duration-ms="98874">
      <class name="com.crm.comcast.purchaseordertest.CreatePurcahseOrderTest">
        <test-method is-config="true" signature="makeDBConnection()[pri:0, instance:com.crm.comcast.purchaseordertest.CreatePurcahseOrderTest@37654521]" started-at="2021-05-27T14:21:05 IST" name="makeDBConnection" finished-at="2021-05-27T14:21:05 IST" duration-ms="14" status="PASS">
          <reporter-output>
          </reporter-output>
        </test-method> <!-- makeDBConnection -->
        <test-method is-config="true" signature="launchBrowser()[pri:0, instance:com.crm.comcast.purchaseordertest.CreatePurcahseOrderTest@37654521]" started-at="2021-05-27T14:21:05 IST" name="launchBrowser" finished-at="2021-05-27T14:21:11 IST" duration-ms="6549" status="PASS">
          <reporter-output>
          </reporter-output>
        </test-method> <!-- launchBrowser -->
        <test-method is-config="true" signature="loginToApplication()[pri:0, instance:com.crm.comcast.purchaseordertest.CreatePurcahseOrderTest@37654521]" started-at="2021-05-27T14:21:11 IST" name="loginToApplication" finished-at="2021-05-27T14:21:36 IST" duration-ms="24378" status="PASS">
          <reporter-output>
          </reporter-output>
        </test-method> <!-- loginToApplication -->
        <test-method signature="createPurchaseOrderTest()[pri:0, instance:com.crm.comcast.purchaseordertest.CreatePurcahseOrderTest@37654521]" started-at="2021-05-27T14:21:36 IST" name="createPurchaseOrderTest" finished-at="2021-05-27T14:22:33 IST" duration-ms="57177" status="FAIL">
          <exception class="org.openqa.selenium.WebDriverException">
            <message>
              <![CDATA[chrome not reachable
  (Session info: chrome=90.0.4430.212)
Build info: version: '3.141.59', revision: 'e82be7d358', time: '2018-11-14T08:17:03'
System info: host: 'DESKTOP-8S455D7', ip: '192.168.1.198', os.name: 'Windows 10', os.arch: 'amd64', os.version: '10.0', java.version: '15.0.2'
Driver info: org.openqa.selenium.chrome.ChromeDriver
Capabilities {acceptInsecureCerts: false, browserName: chrome, browserVersion: 90.0.4430.212, chrome: {chromedriverVersion: 90.0.4430.24 (4c6d850f087da..., userDataDir: C:\Users\Deepak\AppData\Loc...}, goog:chromeOptions: {debuggerAddress: localhost:57719}, javascriptEnabled: true, networkConnectionEnabled: false, pageLoadStrategy: normal, platform: WINDOWS, platformName: WINDOWS, proxy: Proxy(), setWindowRect: true, strictFileInteractability: false, timeouts: {implicit: 0, pageLoad: 300000, script: 30000}, unhandledPromptBehavior: dismiss and notify, webauthn:extension:largeBlob: true, webauthn:virtualAuthenticators: true}
Session ID: c1b1ad3dd9cc29b538625d5f64303efb]]>
            </message>
            <full-stacktrace>
              <![CDATA[org.openqa.selenium.WebDriverException: chrome not reachable
  (Session info: chrome=90.0.4430.212)
Build info: version: '3.141.59', revision: 'e82be7d358', time: '2018-11-14T08:17:03'
System info: host: 'DESKTOP-8S455D7', ip: '192.168.1.198', os.name: 'Windows 10', os.arch: 'amd64', os.version: '10.0', java.version: '15.0.2'
Driver info: org.openqa.selenium.chrome.ChromeDriver
Capabilities {acceptInsecureCerts: false, browserName: chrome, browserVersion: 90.0.4430.212, chrome: {chromedriverVersion: 90.0.4430.24 (4c6d850f087da..., userDataDir: C:\Users\Deepak\AppData\Loc...}, goog:chromeOptions: {debuggerAddress: localhost:57719}, javascriptEnabled: true, networkConnectionEnabled: false, pageLoadStrategy: normal, platform: WINDOWS, platformName: WINDOWS, proxy: Proxy(), setWindowRect: true, strictFileInteractability: false, timeouts: {implicit: 0, pageLoad: 300000, script: 30000}, unhandledPromptBehavior: dismiss and notify, webauthn:extension:largeBlob: true, webauthn:virtualAuthenticators: true}
Session ID: c1b1ad3dd9cc29b538625d5f64303efb
at java.base/jdk.internal.reflect.NativeConstructorAccessorImpl.newInstance0(Native Method)
at java.base/jdk.internal.reflect.NativeConstructorAccessorImpl.newInstance(NativeConstructorAccessorImpl.java:64)
at java.base/jdk.internal.reflect.DelegatingConstructorAccessorImpl.newInstance(DelegatingConstructorAccessorImpl.java:45)
at java.base/java.lang.reflect.Constructor.newInstanceWithCaller(Constructor.java:500)
at java.base/java.lang.reflect.Constructor.newInstance(Constructor.java:481)
at org.openqa.selenium.remote.http.W3CHttpResponseCodec.createException(W3CHttpResponseCodec.java:187)
at org.openqa.selenium.remote.http.W3CHttpResponseCodec.decode(W3CHttpResponseCodec.java:122)
at org.openqa.selenium.remote.http.W3CHttpResponseCodec.decode(W3CHttpResponseCodec.java:49)
at org.openqa.selenium.remote.HttpCommandExecutor.execute(HttpCommandExecutor.java:158)
at org.openqa.selenium.remote.service.DriverCommandExecutor.execute(DriverCommandExecutor.java:83)
at org.openqa.selenium.remote.RemoteWebDriver.execute(RemoteWebDriver.java:552)
at org.openqa.selenium.remote.RemoteWebDriver.execute(RemoteWebDriver.java:609)
at org.openqa.selenium.remote.RemoteWebDriver.getWindowHandles(RemoteWebDriver.java:460)
at com.crm.comcast.genericutility.WebDriverUtility.switchToWindow(WebDriverUtility.java:97)
at com.crm.comcast.purchaseordertest.CreatePurcahseOrderTest.createPurchaseOrderTest(CreatePurcahseOrderTest.java:72)
at java.base/jdk.internal.reflect.NativeMethodAccessorImpl.invoke0(Native Method)
at java.base/jdk.internal.reflect.NativeMethodAccessorImpl.invoke(NativeMethodAccessorImpl.java:64)
at java.base/jdk.internal.reflect.DelegatingMethodAccessorImpl.invoke(DelegatingMethodAccessorImpl.java:43)
at java.base/java.lang.reflect.Method.invoke(Method.java:564)
at org.testng.internal.MethodInvocationHelper.invokeMethod(MethodInvocationHelper.java:132)
at org.testng.internal.TestInvoker.invokeMethod(TestInvoker.java:599)
at org.testng.internal.TestInvoker.invokeTestMethod(TestInvoker.java:174)
at org.testng.internal.MethodRunner.runInSequence(MethodRunner.java:46)
at org.testng.internal.TestInvoker$MethodInvocationAgent.invoke(TestInvoker.java:822)
at org.testng.internal.TestInvoker.invokeTestMethods(TestInvoker.java:147)
at org.testng.internal.TestMethodWorker.invokeTestMethods(TestMethodWorker.java:146)
at org.testng.internal.TestMethodWorker.run(TestMethodWorker.java:128)
at java.base/java.util.ArrayList.forEach(ArrayList.java:1511)
at org.testng.TestRunner.privateRun(TestRunner.java:764)
at org.testng.TestRunner.run(TestRunner.java:585)
at org.testng.SuiteRunner.runTest(SuiteRunner.java:384)
at org.testng.SuiteRunner.access$000(SuiteRunner.java:28)
at org.testng.SuiteRunner$SuiteWorker.run(SuiteRunner.java:425)
at org.testng.internal.thread.ThreadUtil.lambda$execute$0(ThreadUtil.java:66)
at java.base/java.util.concurrent.FutureTask.run(FutureTask.java:264)
at java.base/java.util.concurrent.ThreadPoolExecutor.runWorker(ThreadPoolExecutor.java:1130)
at java.base/java.util.concurrent.ThreadPoolExecutor$Worker.run(ThreadPoolExecutor.java:630)
at java.base/java.lang.Thread.run(Thread.java:832)
]]>
            </full-stacktrace>
          </exception> <!-- org.openqa.selenium.WebDriverException -->
          <reporter-output>
          </reporter-output>
        </test-method> <!-- createPurchaseOrderTest -->
        <test-method is-config="true" signature="logoutOfApplication()[pri:0, instance:com.crm.comcast.purchaseordertest.CreatePurcahseOrderTest@37654521]" started-at="2021-05-27T14:22:33 IST" name="logoutOfApplication" finished-at="2021-05-27T14:22:43 IST" duration-ms="10057" status="PASS">
          <reporter-output>
          </reporter-output>
        </test-method> <!-- logoutOfApplication -->
        <test-method is-config="true" signature="closeBrowser()[pri:0, instance:com.crm.comcast.purchaseordertest.CreatePurcahseOrderTest@37654521]" started-at="2021-05-27T14:22:43 IST" name="closeBrowser" finished-at="2021-05-27T14:22:44 IST" duration-ms="685" status="PASS">
          <reporter-output>
          </reporter-output>
        </test-method> <!-- closeBrowser -->
        <test-method is-config="true" signature="closeDBConnection()[pri:0, instance:com.crm.comcast.purchaseordertest.CreatePurcahseOrderTest@37654521]" started-at="2021-05-27T14:23:14 IST" name="closeDBConnection" finished-at="2021-05-27T14:23:14 IST" duration-ms="1" status="PASS">
          <reporter-output>
          </reporter-output>
        </test-method> <!-- closeDBConnection -->
      </class> <!-- com.crm.comcast.purchaseordertest.CreatePurcahseOrderTest -->
    </test> <!-- tr-3 -->
    <test started-at="2021-05-27T14:21:05 IST" name="tr-2" finished-at="2021-05-27T14:22:58 IST" duration-ms="113196">
      <class name="com.crm.comcast.organizationtest.CreateORganizationWithIndustries">
        <test-method is-config="true" signature="launchBrowser()[pri:0, instance:com.crm.comcast.organizationtest.CreateORganizationWithIndustries@d29f28]" started-at="2021-05-27T14:21:05 IST" name="launchBrowser" finished-at="2021-05-27T14:21:11 IST" duration-ms="6186" status="PASS">
          <reporter-output>
          </reporter-output>
        </test-method> <!-- launchBrowser -->
        <test-method is-config="true" signature="loginToApplication()[pri:0, instance:com.crm.comcast.organizationtest.CreateORganizationWithIndustries@d29f28]" started-at="2021-05-27T14:21:11 IST" name="loginToApplication" finished-at="2021-05-27T14:21:29 IST" duration-ms="18145" status="PASS">
          <reporter-output>
          </reporter-output>
        </test-method> <!-- loginToApplication -->
        <test-method signature="createOrhWithIndustried()[pri:0, instance:com.crm.comcast.organizationtest.CreateORganizationWithIndustries@d29f28]" started-at="2021-05-27T14:21:29 IST" name="createOrhWithIndustried" finished-at="2021-05-27T14:22:31 IST" duration-ms="61541" status="PASS">
          <reporter-output>
          </reporter-output>
        </test-method> <!-- createOrhWithIndustried -->
        <test-method is-config="true" signature="logoutOfApplication()[pri:0, instance:com.crm.comcast.organizationtest.CreateORganizationWithIndustries@d29f28]" started-at="2021-05-27T14:22:31 IST" name="logoutOfApplication" finished-at="2021-05-27T14:22:36 IST" duration-ms="4780" status="PASS">
          <reporter-output>
          </reporter-output>
        </test-method> <!-- logoutOfApplication -->
        <test-method is-config="true" signature="closeBrowser()[pri:0, instance:com.crm.comcast.organizationtest.CreateORganizationWithIndustries@d29f28]" started-at="2021-05-27T14:22:36 IST" name="closeBrowser" finished-at="2021-05-27T14:22:58 IST" duration-ms="22478" status="PASS">
          <reporter-output>
          </reporter-output>
        </test-method> <!-- closeBrowser -->
      </class> <!-- com.crm.comcast.organizationtest.CreateORganizationWithIndustries -->
    </test> <!-- tr-2 -->
    <test started-at="2021-05-27T14:21:05 IST" name="tr-1" finished-at="2021-05-27T14:23:14 IST" duration-ms="129119">
      <class name="com.crm.comcast.organizationtest.CreateORganizationTest">
        <test-method is-config="true" signature="launchBrowser()[pri:0, instance:com.crm.comcast.organizationtest.CreateORganizationTest@53976f5c]" started-at="2021-05-27T14:21:05 IST" name="launchBrowser" finished-at="2021-05-27T14:21:12 IST" duration-ms="6662" status="PASS">
          <reporter-output>
          </reporter-output>
        </test-method> <!-- launchBrowser -->
        <test-method is-config="true" signature="loginToApplication()[pri:0, instance:com.crm.comcast.organizationtest.CreateORganizationTest@53976f5c]" started-at="2021-05-27T14:21:12 IST" name="loginToApplication" finished-at="2021-05-27T14:21:31 IST" duration-ms="19005" status="PASS">
          <reporter-output>
          </reporter-output>
        </test-method> <!-- loginToApplication -->
        <test-method signature="createOrgTest()[pri:0, instance:com.crm.comcast.organizationtest.CreateORganizationTest@53976f5c]" started-at="2021-05-27T14:21:31 IST" name="createOrgTest" finished-at="2021-05-27T14:22:27 IST" duration-ms="56686" status="PASS">
          <reporter-output>
          </reporter-output>
        </test-method> <!-- createOrgTest -->
        <test-method is-config="true" signature="logoutOfApplication()[pri:0, instance:com.crm.comcast.organizationtest.CreateORganizationTest@53976f5c]" started-at="2021-05-27T14:22:27 IST" name="logoutOfApplication" finished-at="2021-05-27T14:22:33 IST" duration-ms="5981" status="PASS">
          <reporter-output>
          </reporter-output>
        </test-method> <!-- logoutOfApplication -->
        <test-method is-config="true" signature="loginToApplication()[pri:0, instance:com.crm.comcast.organizationtest.CreateORganizationTest@53976f5c]" started-at="2021-05-27T14:22:33 IST" name="loginToApplication" finished-at="2021-05-27T14:22:46 IST" duration-ms="12933" status="PASS">
          <reporter-output>
          </reporter-output>
        </test-method> <!-- loginToApplication -->
        <test-method signature="createOrgwithType()[pri:0, instance:com.crm.comcast.organizationtest.CreateORganizationTest@53976f5c]" started-at="2021-05-27T14:22:46 IST" name="createOrgwithType" finished-at="2021-05-27T14:23:11 IST" duration-ms="24589" status="PASS">
          <reporter-output>
          </reporter-output>
        </test-method> <!-- createOrgwithType -->
        <test-method is-config="true" signature="logoutOfApplication()[pri:0, instance:com.crm.comcast.organizationtest.CreateORganizationTest@53976f5c]" started-at="2021-05-27T14:23:11 IST" name="logoutOfApplication" finished-at="2021-05-27T14:23:13 IST" duration-ms="2408" status="PASS">
          <reporter-output>
          </reporter-output>
        </test-method> <!-- logoutOfApplication -->
        <test-method is-config="true" signature="closeBrowser()[pri:0, instance:com.crm.comcast.organizationtest.CreateORganizationTest@53976f5c]" started-at="2021-05-27T14:23:13 IST" name="closeBrowser" finished-at="2021-05-27T14:23:14 IST" duration-ms="804" status="PASS">
          <reporter-output>
          </reporter-output>
        </test-method> <!-- closeBrowser -->
      </class> <!-- com.crm.comcast.organizationtest.CreateORganizationTest -->
    </test> <!-- tr-1 -->
  </suite> <!-- Suite -->
</testng-results>
